2021-12-03 22:01:35,740 [Worker-4: Loading available Gradle versions] INFO  o.e.b.c.i.u.g.PublishedGradleVersions - Gradle version information cache is up-to-date. Trying to read.
2021-12-03 22:12:44,971 [Worker-2: Loading available Gradle versions] INFO  o.e.b.c.i.u.g.PublishedGradleVersions - Gradle version information cache is up-to-date. Trying to read.
2021-12-03 22:13:42,095 [Worker-7: Updating Maven Dependencies] INFO  o.e.m.c.i.l.LifecycleMappingFactory - Using org.eclipse.m2e.jdt.JarLifecycleMapping lifecycle mapping for MavenProject: newjenkins:newjenkins:0.0.1-SNAPSHOT @ C:\Users\Chandra Shekar\Desktop\new_test1\new_test2\pom.xml.
2021-12-03 22:13:43,060 [Worker-7: Updating Maven Dependencies] WARN  o.e.m.c.i.embedder.EclipseLogger - The artifact org.apache.commons:commons-io:jar:1.3.2 has been relocated to commons-io:commons-io:jar:1.3.2
2021-12-03 22:13:46,876 [Worker-3: Building] WARN  o.e.m.c.i.embedder.EclipseLogger - The artifact org.apache.commons:commons-io:jar:1.3.2 has been relocated to commons-io:commons-io:jar:1.3.2
2021-12-03 22:13:47,835 [Worker-3: Building] INFO  o.e.m.c.i.embedder.EclipseLogger - Using 'UTF-8' encoding to copy filtered resources.
2021-12-03 22:13:47,845 [Worker-3: Building] INFO  o.e.m.c.i.embedder.EclipseLogger - Copying 0 resource
2021-12-03 22:13:47,855 [Worker-3: Building] INFO  o.e.m.c.i.embedder.EclipseLogger - Using 'UTF-8' encoding to copy filtered resources.
2021-12-03 22:13:47,857 [Worker-3: Building] INFO  o.e.m.c.i.embedder.EclipseLogger - Copying 0 resource
2021-12-03 22:17:51,108 [Worker-10: Building] INFO  o.e.m.c.i.embedder.EclipseLogger - Using 'UTF-8' encoding to copy filtered resources.
2021-12-03 22:17:51,109 [Worker-10: Building] INFO  o.e.m.c.i.embedder.EclipseLogger - skip non existing resourceDirectory C:\Users\Chandra Shekar\Desktop\new_test1\new_test2\src\main\resources
2021-12-03 22:17:51,116 [Worker-10: Building] INFO  o.e.m.c.i.embedder.EclipseLogger - Using 'UTF-8' encoding to copy filtered resources.
2021-12-03 22:17:51,118 [Worker-10: Building] INFO  o.e.m.c.i.embedder.EclipseLogger - skip non existing resourceDirectory C:\Users\Chandra Shekar\Desktop\new_test1\new_test2\src\test\resources
2021-12-03 22:24:22,818 [Worker-2: Building] INFO  o.e.m.c.i.embedder.EclipseLogger - Using 'UTF-8' encoding to copy filtered resources.
2021-12-03 22:24:22,825 [Worker-2: Building] INFO  o.e.m.c.i.embedder.EclipseLogger - skip non existing resourceDirectory C:\Users\Chandra Shekar\Desktop\new_test1\new_test2\src\main\resources
2021-12-03 22:24:22,836 [Worker-2: Building] INFO  o.e.m.c.i.embedder.EclipseLogger - Using 'UTF-8' encoding to copy filtered resources.
2021-12-03 22:24:22,836 [Worker-2: Building] INFO  o.e.m.c.i.embedder.EclipseLogger - skip non existing resourceDirectory C:\Users\Chandra Shekar\Desktop\new_test1\new_test2\src\test\resources
2021-12-03 22:25:16,818 [Worker-12: Remove Repositories] WARN  org.eclipse.jgit.lib.Repository - close() called when useCnt is already zero for Repository[C:\Users\Chandra Shekar\git\testnew\.git]
2021-12-03 22:25:56,218 [Worker-2: Cloning from https://github.com/aneeshakondaveni/repo.git] WARN  org.eclipse.jgit.lib.Repository - close() called when useCnt is already zero for Repository[C:\Users\Chandra Shekar\git\checking\.git]
2021-12-03 22:26:12,262 [Worker-12: Building] INFO  o.e.m.c.i.embedder.EclipseLogger - Using 'UTF-8' encoding to copy filtered resources.
2021-12-03 22:26:12,263 [Worker-12: Building] INFO  o.e.m.c.i.embedder.EclipseLogger - skip non existing resourceDirectory C:\Users\Chandra Shekar\Desktop\new_test1\new_test2\src\main\resources
2021-12-03 22:26:12,266 [Worker-12: Building] INFO  o.e.m.c.i.embedder.EclipseLogger - Using 'UTF-8' encoding to copy filtered resources.
2021-12-03 22:26:12,267 [Worker-12: Building] INFO  o.e.m.c.i.embedder.EclipseLogger - skip non existing resourceDirectory C:\Users\Chandra Shekar\Desktop\new_test1\new_test2\src\test\resources
2021-12-03 22:39:23,990 [Worker-18: Cloning from https://github.com/aneeshakondaveni/testing.git] WARN  org.eclipse.jgit.lib.Repository - close() called when useCnt is already zero for Repository[C:\Users\Chandra Shekar\git\repo\.git]
2021-12-03 22:40:59,720 [Worker-12: Building] INFO  o.e.m.c.i.embedder.EclipseLogger - Using 'UTF-8' encoding to copy filtered resources.
2021-12-03 22:40:59,721 [Worker-12: Building] INFO  o.e.m.c.i.embedder.EclipseLogger - skip non existing resourceDirectory C:\Users\Chandra Shekar\Desktop\new_test1\new_test2\src\main\resources
2021-12-03 22:40:59,725 [Worker-12: Building] INFO  o.e.m.c.i.embedder.EclipseLogger - Using 'UTF-8' encoding to copy filtered resources.
2021-12-03 22:40:59,726 [Worker-12: Building] INFO  o.e.m.c.i.embedder.EclipseLogger - skip non existing resourceDirectory C:\Users\Chandra Shekar\Desktop\new_test1\new_test2\src\test\resources
2021-12-03 22:41:17,907 [Worker-18: Building] INFO  o.e.m.c.i.embedder.EclipseLogger - Using 'UTF-8' encoding to copy filtered resources.
2021-12-03 22:41:17,908 [Worker-18: Building] INFO  o.e.m.c.i.embedder.EclipseLogger - skip non existing resourceDirectory C:\Users\Chandra Shekar\Desktop\new_test1\new_test2\src\main\resources
2021-12-03 22:41:17,920 [Worker-18: Building] INFO  o.e.m.c.i.embedder.EclipseLogger - Using 'UTF-8' encoding to copy filtered resources.
2021-12-03 22:41:17,921 [Worker-18: Building] INFO  o.e.m.c.i.embedder.EclipseLogger - skip non existing resourceDirectory C:\Users\Chandra Shekar\Desktop\new_test1\new_test2\src\test\resources
2021-12-03 22:43:34,944 [Worker-19: Building] INFO  o.e.m.c.i.embedder.EclipseLogger - Using 'UTF-8' encoding to copy filtered resources.
2021-12-03 22:43:34,945 [Worker-19: Building] INFO  o.e.m.c.i.embedder.EclipseLogger - skip non existing resourceDirectory C:\Users\Chandra Shekar\Desktop\new_test1\new_test2\src\main\resources
2021-12-03 22:43:34,966 [Worker-19: Building] INFO  o.e.m.c.i.embedder.EclipseLogger - Using 'UTF-8' encoding to copy filtered resources.
2021-12-03 22:43:34,969 [Worker-19: Building] INFO  o.e.m.c.i.embedder.EclipseLogger - skip non existing resourceDirectory C:\Users\Chandra Shekar\Desktop\new_test1\new_test2\src\test\resources
2021-12-03 22:43:56,446 [Worker-19: Remove Repositories] WARN  org.eclipse.jgit.lib.Repository - close() called when useCnt is already zero for Repository[C:\Users\Chandra Shekar\git\testing\.git]
2021-12-03 22:56:25,279 [Worker-2: Loading available Gradle versions] INFO  o.e.b.c.i.u.g.PublishedGradleVersions - Gradle version information cache is up-to-date. Trying to read.
